Command line invocation:
    /Applications/Xcode.app/Contents/Developer/usr/bin/xcodebuild test -scheme PiTrainer -destination "platform=iOS Simulator,name=iPhone 17 Pro" "-only-testing:PiTrainerTests/SessionViewModelTests"

2026-01-16 20:39:50.110 xcodebuild[89413:10245797] [MT] IDERunDestination: Supported platforms for the buildables in the current scheme is empty.
ComputePackagePrebuildTargetDependencyGraph

Prepare packages

CreateBuildRequest

SendProjectDescription

CreateBuildOperation

ComputeTargetDependencyGraph
note: Building targets in dependency order
note: Target dependency graph (3 targets)
    Target 'PiTrainerUITests' in project 'PiTrainer'
        ➜ Explicit dependency on target 'PiTrainer' in project 'PiTrainer'
    Target 'PiTrainerTests' in project 'PiTrainer'
        ➜ Explicit dependency on target 'PiTrainer' in project 'PiTrainer'
    Target 'PiTrainer' in project 'PiTrainer' (no dependencies)

GatherProvisioningInputs

CreateBuildDescription

ExecuteExternalTool /Applications/Xcode.app/Contents/Developer/Toolchains/XcodeDefault.xctoolchain/usr/bin/clang -v -E -dM -isysroot /Applications/Xcode.app/Contents/Developer/Platforms/iPhoneSimulator.platform/Developer/SDKs/iPhoneSimulator26.2.sdk -x c -c /dev/null

ExecuteExternalTool /Applications/Xcode.app/Contents/Developer/Toolchains/XcodeDefault.xctoolchain/usr/bin/swiftc --version

ExecuteExternalTool /Applications/Xcode.app/Contents/Developer/usr/bin/actool --print-asset-tag-combinations --output-format xml1 /Users/alexandre/Dev/antigravity/pi-trainer/PiTrainer/PiTrainer/Assets.xcassets

ExecuteExternalTool /Applications/Xcode.app/Contents/Developer/usr/bin/actool --version --output-format xml1

ExecuteExternalTool /Applications/Xcode.app/Contents/Developer/usr/bin/xcstringstool compile --dry-run --output-directory /Users/alexandre/Library/Developer/Xcode/DerivedData/PiTrainer-ecifwwubwvnofgbcfujopwcftnfe/Build/Intermediates.noindex/PiTrainer.build/Debug-iphonesimulator/PiTrainer.build /Users/alexandre/Dev/antigravity/pi-trainer/PiTrainer/PiTrainer/Localizable.xcstrings

ExecuteExternalTool /Applications/Xcode.app/Contents/Developer/Toolchains/XcodeDefault.xctoolchain/usr/bin/ld -version_details

Build description signature: 325bd04b5f152408496f53319903adaf
Build description path: /Users/alexandre/Library/Developer/Xcode/DerivedData/PiTrainer-ecifwwubwvnofgbcfujopwcftnfe/Build/Intermediates.noindex/XCBuildData/325bd04b5f152408496f53319903adaf.xcbuilddata
ClangStatCache /Applications/Xcode.app/Contents/Developer/Toolchains/XcodeDefault.xctoolchain/usr/bin/clang-stat-cache /Applications/Xcode.app/Contents/Developer/Platforms/iPhoneSimulator.platform/Developer/SDKs/iPhoneSimulator26.2.sdk /Users/alexandre/Library/Developer/Xcode/DerivedData/SDKStatCaches.noindex/iphonesimulator26.2-23C53-7d00a8b37fbd7999ea79df8ebc024bf0.sdkstatcache
    cd /Users/alexandre/Dev/antigravity/pi-trainer/PiTrainer/PiTrainer.xcodeproj
    /Applications/Xcode.app/Contents/Developer/Toolchains/XcodeDefault.xctoolchain/usr/bin/clang-stat-cache /Applications/Xcode.app/Contents/Developer/Platforms/iPhoneSimulator.platform/Developer/SDKs/iPhoneSimulator26.2.sdk -o /Users/alexandre/Library/Developer/Xcode/DerivedData/SDKStatCaches.noindex/iphonesimulator26.2-23C53-7d00a8b37fbd7999ea79df8ebc024bf0.sdkstatcache

ProcessInfoPlistFile /Users/alexandre/Library/Developer/Xcode/DerivedData/PiTrainer-ecifwwubwvnofgbcfujopwcftnfe/Build/Products/Debug-iphonesimulator/PiTrainer.app/Info.plist /Users/alexandre/Library/Developer/Xcode/DerivedData/PiTrainer-ecifwwubwvnofgbcfujopwcftnfe/Build/Intermediates.noindex/PiTrainer.build/Debug-iphonesimulator/PiTrainer.build/empty-PiTrainer.plist (in target 'PiTrainer' from project 'PiTrainer')
    cd /Users/alexandre/Dev/antigravity/pi-trainer/PiTrainer
    builtin-infoPlistUtility /Users/alexandre/Library/Developer/Xcode/DerivedData/PiTrainer-ecifwwubwvnofgbcfujopwcftnfe/Build/Intermediates.noindex/PiTrainer.build/Debug-iphonesimulator/PiTrainer.build/empty-PiTrainer.plist -producttype com.apple.product-type.application -genpkginfo /Users/alexandre/Library/Developer/Xcode/DerivedData/PiTrainer-ecifwwubwvnofgbcfujopwcftnfe/Build/Products/Debug-iphonesimulator/PiTrainer.app/PkgInfo -expandbuildsettings -format binary -platform iphonesimulator -additionalcontentfile /Users/alexandre/Library/Developer/Xcode/DerivedData/PiTrainer-ecifwwubwvnofgbcfujopwcftnfe/Build/Intermediates.noindex/PiTrainer.build/Debug-iphonesimulator/PiTrainer.build/assetcatalog_generated_info.plist -o /Users/alexandre/Library/Developer/Xcode/DerivedData/PiTrainer-ecifwwubwvnofgbcfujopwcftnfe/Build/Products/Debug-iphonesimulator/PiTrainer.app/Info.plist

SwiftDriver PiTrainerTests normal arm64 com.apple.xcode.tools.swift.compiler (in target 'PiTrainerTests' from project 'PiTrainer')
    cd /Users/alexandre/Dev/antigravity/pi-trainer/PiTrainer
    builtin-SwiftDriver -- /Applications/Xcode.app/Contents/Developer/Toolchains/XcodeDefault.xctoolchain/usr/bin/swiftc -module-name PiTrainerTests -Onone -enforce-exclusivity\=checked @/Users/alexandre/Library/Developer/Xcode/DerivedData/PiTrainer-ecifwwubwvnofgbcfujopwcftnfe/Build/Intermediates.noindex/PiTrainer.build/Debug-iphonesimulator/PiTrainerTests.build/Objects-normal/arm64/PiTrainerTests.SwiftFileList -DDEBUG -plugin-path /Applications/Xcode.app/Contents/Developer/Toolchains/XcodeDefault.xctoolchain/usr/lib/swift/host/plugins/testing -enable-bare-slash-regex -enable-upcoming-feature DisableOutwardActorInference -enable-upcoming-feature InferSendableFromCaptures -enable-upcoming-feature GlobalActorIsolatedTypesUsability -enable-upcoming-feature MemberImportVisibility -enable-upcoming-feature InferIsolatedConformances -enable-upcoming-feature NonisolatedNonsendingByDefault -enable-experimental-feature DebugDescriptionMacro -sdk /Applications/Xcode.app/Contents/Developer/Platforms/iPhoneSimulator.platform/Developer/SDKs/iPhoneSimulator26.2.sdk -target arm64-apple-ios18.0-simulator -g -module-cache-path /Users/alexandre/Library/Developer/Xcode/DerivedData/ModuleCache.noindex -Xfrontend -serialize-debugging-options -profile-coverage-mapping -profile-generate -enable-testing -index-store-path /Users/alexandre/Library/Developer/Xcode/DerivedData/PiTrainer-ecifwwubwvnofgbcfujopwcftnfe/Index.noindex/DataStore -Xcc -D_LIBCPP_HARDENING_MODE\=_LIBCPP_HARDENING_MODE_DEBUG -swift-version 5 -I /Users/alexandre/Library/Developer/Xcode/DerivedData/PiTrainer-ecifwwubwvnofgbcfujopwcftnfe/Build/Products/Debug-iphonesimulator -Isystem /Applications/Xcode.app/Contents/Developer/Platforms/iPhoneSimulator.platform/Developer/usr/lib -F /Users/alexandre/Library/Developer/Xcode/DerivedData/PiTrainer-ecifwwubwvnofgbcfujopwcftnfe/Build/Products/Debug-iphonesimulator -F /Applications/Xcode.app/Contents/Developer/Platforms/iPhoneSimulator.platform/Developer/Library/Frameworks -F /Applications/Xcode.app/Contents/Developer/Platforms/iPhoneSimulator.platform/Developer/SDKs/iPhoneSimulator26.2.sdk/Developer/Library/Frameworks -c -j10 -enable-batch-mode -incremental -Xcc -ivfsstatcache -Xcc /Users/alexandre/Library/Developer/Xcode/DerivedData/SDKStatCaches.noindex/iphonesimulator26.2-23C53-7d00a8b37fbd7999ea79df8ebc024bf0.sdkstatcache -output-file-map /Users/alexandre/Library/Developer/Xcode/DerivedData/PiTrainer-ecifwwubwvnofgbcfujopwcftnfe/Build/Intermediates.noindex/PiTrainer.build/Debug-iphonesimulator/PiTrainerTests.build/Objects-normal/arm64/PiTrainerTests-OutputFileMap.json -use-frontend-parseable-output -save-temps -no-color-diagnostics -explicit-module-build -module-cache-path /Users/alexandre/Library/Developer/Xcode/DerivedData/PiTrainer-ecifwwubwvnofgbcfujopwcftnfe/Build/Intermediates.noindex/SwiftExplicitPrecompiledModules -clang-scanner-module-cache-path /Users/alexandre/Library/Developer/Xcode/DerivedData/ModuleCache.noindex -sdk-module-cache-path /Users/alexandre/Library/Developer/Xcode/DerivedData/ModuleCache.noindex -serialize-diagnostics -emit-dependencies -emit-module -emit-module-path /Users/alexandre/Library/Developer/Xcode/DerivedData/PiTrainer-ecifwwubwvnofgbcfujopwcftnfe/Build/Intermediates.noindex/PiTrainer.build/Debug-iphonesimulator/PiTrainerTests.build/Objects-normal/arm64/PiTrainerTests.swiftmodule -validate-clang-modules-once -clang-build-session-file /Users/alexandre/Library/Developer/Xcode/DerivedData/ModuleCache.noindex/Session.modulevalidation -Xcc -I/Users/alexandre/Library/Developer/Xcode/DerivedData/PiTrainer-ecifwwubwvnofgbcfujopwcftnfe/Build/Intermediates.noindex/PiTrainer.build/Debug-iphonesimulator/PiTrainerTests.build/swift-overrides.hmap -emit-const-values -Xfrontend -const-gather-protocols-file -Xfrontend /Users/alexandre/Library/Developer/Xcode/DerivedData/PiTrainer-ecifwwubwvnofgbcfujopwcftnfe/Build/Intermediates.noindex/PiTrainer.build/Debug-iphonesimulator/PiTrainerTests.build/Objects-normal/arm64/PiTrainerTests_const_extract_protocols.json -Xcc -iquote -Xcc /Users/alexandre/Library/Developer/Xcode/DerivedData/PiTrainer-ecifwwubwvnofgbcfujopwcftnfe/Build/Intermediates.noindex/PiTrainer.build/Debug-iphonesimulator/PiTrainerTests.build/PiTrainerTests-generated-files.hmap -Xcc -I/Users/alexandre/Library/Developer/Xcode/DerivedData/PiTrainer-ecifwwubwvnofgbcfujopwcftnfe/Build/Intermediates.noindex/PiTrainer.build/Debug-iphonesimulator/PiTrainerTests.build/PiTrainerTests-own-target-headers.hmap -Xcc -I/Users/alexandre/Library/Developer/Xcode/DerivedData/PiTrainer-ecifwwubwvnofgbcfujopwcftnfe/Build/Intermediates.noindex/PiTrainer.build/Debug-iphonesimulator/PiTrainerTests.build/PiTrainerTests-all-target-headers.hmap -Xcc -iquote -Xcc /Users/alexandre/Library/Developer/Xcode/DerivedData/PiTrainer-ecifwwubwvnofgbcfujopwcftnfe/Build/Intermediates.noindex/PiTrainer.build/Debug-iphonesimulator/PiTrainerTests.build/PiTrainerTests-project-headers.hmap -Xcc -I/Users/alexandre/Library/Developer/Xcode/DerivedData/PiTrainer-ecifwwubwvnofgbcfujopwcftnfe/Build/Products/Debug-iphonesimulator/include -Xcc -I/Users/alexandre/Library/Developer/Xcode/DerivedData/PiTrainer-ecifwwubwvnofgbcfujopwcftnfe/Build/Intermediates.noindex/PiTrainer.build/Debug-iphonesimulator/PiTrainerTests.build/DerivedSources-normal/arm64 -Xcc -I/Users/alexandre/Library/Developer/Xcode/DerivedData/PiTrainer-ecifwwubwvnofgbcfujopwcftnfe/Build/Intermediates.noindex/PiTrainer.build/Debug-iphonesimulator/PiTrainerTests.build/DerivedSources/arm64 -Xcc -I/Users/alexandre/Library/Developer/Xcode/DerivedData/PiTrainer-ecifwwubwvnofgbcfujopwcftnfe/Build/Intermediates.noindex/PiTrainer.build/Debug-iphonesimulator/PiTrainerTests.build/DerivedSources -Xcc -DDEBUG\=1 -emit-objc-header -emit-objc-header-path /Users/alexandre/Library/Developer/Xcode/DerivedData/PiTrainer-ecifwwubwvnofgbcfujopwcftnfe/Build/Intermediates.noindex/PiTrainer.build/Debug-iphonesimulator/PiTrainerTests.build/Objects-normal/arm64/PiTrainerTests-Swift.h -working-directory /Users/alexandre/Dev/antigravity/pi-trainer/PiTrainer -experimental-emit-module-separately -disable-cmo
/Users/alexandre/Dev/antigravity/pi-trainer/PiTrainer/PiTrainerTests/SessionViewModelTests.swift:64:9: error: expected 'func' keyword in instance method declaration
        print("DEBUG: setUp finished")
        ^
        func 
/Users/alexandre/Dev/antigravity/pi-trainer/PiTrainer/PiTrainerTests/SessionViewModelTests.swift:64:15: error: expected parameter name followed by ':'
        print("DEBUG: setUp finished")
              ^
/Users/alexandre/Dev/antigravity/pi-trainer/PiTrainer/PiTrainerTests/SessionViewModelTests.swift:137:1: error: extraneous '}' at top level
}
^
/Users/alexandre/Dev/antigravity/pi-trainer/PiTrainer/PiTrainerTests/SessionViewModelTests.swift:64:9: error: Expected 'func' keyword in instance method declaration
        print("DEBUG: setUp finished")
        ^
        func  (in target 'PiTrainerTests' from project 'PiTrainer')
/Users/alexandre/Dev/antigravity/pi-trainer/PiTrainer/PiTrainerTests/SessionViewModelTests.swift:64:15: error: Expected parameter name followed by ':'
        print("DEBUG: setUp finished")
              ^ (in target 'PiTrainerTests' from project 'PiTrainer')
/Users/alexandre/Dev/antigravity/pi-trainer/PiTrainer/PiTrainerTests/SessionViewModelTests.swift:137:1: error: Extraneous '}' at top level
}
^ (in target 'PiTrainerTests' from project 'PiTrainer')

CopySwiftLibs /Users/alexandre/Library/Developer/Xcode/DerivedData/PiTrainer-ecifwwubwvnofgbcfujopwcftnfe/Build/Products/Debug-iphonesimulator/PiTrainer.app (in target 'PiTrainer' from project 'PiTrainer')
    cd /Users/alexandre/Dev/antigravity/pi-trainer/PiTrainer
    builtin-swiftStdLibTool --copy --verbose --sign - --scan-executable /Users/alexandre/Library/Developer/Xcode/DerivedData/PiTrainer-ecifwwubwvnofgbcfujopwcftnfe/Build/Products/Debug-iphonesimulator/PiTrainer.app/PiTrainer.debug.dylib --scan-folder /Users/alexandre/Library/Developer/Xcode/DerivedData/PiTrainer-ecifwwubwvnofgbcfujopwcftnfe/Build/Products/Debug-iphonesimulator/PiTrainer.app/Frameworks --scan-folder /Users/alexandre/Library/Developer/Xcode/DerivedData/PiTrainer-ecifwwubwvnofgbcfujopwcftnfe/Build/Products/Debug-iphonesimulator/PiTrainer.app/PlugIns --scan-folder /Users/alexandre/Library/Developer/Xcode/DerivedData/PiTrainer-ecifwwubwvnofgbcfujopwcftnfe/Build/Products/Debug-iphonesimulator/PiTrainer.app/SystemExtensions --scan-folder /Users/alexandre/Library/Developer/Xcode/DerivedData/PiTrainer-ecifwwubwvnofgbcfujopwcftnfe/Build/Products/Debug-iphonesimulator/PiTrainer.app/Extensions --platform iphonesimulator --toolchain /Applications/Xcode.app/Contents/Developer/Toolchains/XcodeDefault.xctoolchain --destination /Users/alexandre/Library/Developer/Xcode/DerivedData/PiTrainer-ecifwwubwvnofgbcfujopwcftnfe/Build/Products/Debug-iphonesimulator/PiTrainer.app/Frameworks --strip-bitcode --strip-bitcode-tool /Applications/Xcode.app/Contents/Developer/Toolchains/XcodeDefault.xctoolchain/usr/bin/bitcode_strip --emit-dependency-info /Users/alexandre/Library/Developer/Xcode/DerivedData/PiTrainer-ecifwwubwvnofgbcfujopwcftnfe/Build/Intermediates.noindex/PiTrainer.build/Debug-iphonesimulator/PiTrainer.build/SwiftStdLibToolInputDependencies.dep --filter-for-swift-os

ProcessInfoPlistFile /Users/alexandre/Library/Developer/Xcode/DerivedData/PiTrainer-ecifwwubwvnofgbcfujopwcftnfe/Build/Products/Debug-iphonesimulator/PiTrainer.app/PlugIns/PiTrainerTests.xctest/Info.plist /Users/alexandre/Library/Developer/Xcode/DerivedData/PiTrainer-ecifwwubwvnofgbcfujopwcftnfe/Build/Intermediates.noindex/PiTrainer.build/Debug-iphonesimulator/PiTrainerTests.build/empty-PiTrainerTests.plist (in target 'PiTrainerTests' from project 'PiTrainer')
    cd /Users/alexandre/Dev/antigravity/pi-trainer/PiTrainer
    builtin-infoPlistUtility /Users/alexandre/Library/Developer/Xcode/DerivedData/PiTrainer-ecifwwubwvnofgbcfujopwcftnfe/Build/Intermediates.noindex/PiTrainer.build/Debug-iphonesimulator/PiTrainerTests.build/empty-PiTrainerTests.plist -producttype com.apple.product-type.bundle.unit-test -expandbuildsettings -format binary -platform iphonesimulator -o /Users/alexandre/Library/Developer/Xcode/DerivedData/PiTrainer-ecifwwubwvnofgbcfujopwcftnfe/Build/Products/Debug-iphonesimulator/PiTrainer.app/PlugIns/PiTrainerTests.xctest/Info.plist


Test session results, code coverage, and logs:
	/Users/alexandre/Library/Developer/Xcode/DerivedData/PiTrainer-ecifwwubwvnofgbcfujopwcftnfe/Logs/Test/Test-PiTrainer-2026.01.16_20-39-50-+0100.xcresult

Testing failed:
	Expected 'func' keyword in instance method declaration
        print("DEBUG: setUp finished")
        ^
        func 
	Expected parameter name followed by ':'
        print("DEBUG: setUp finished")
              ^
	Extraneous '}' at top level
}
^
	Testing cancelled because the build failed.

** TEST FAILED **


The following build commands failed:
	SwiftDriver PiTrainerTests normal arm64 com.apple.xcode.tools.swift.compiler (in target 'PiTrainerTests' from project 'PiTrainer')
	Testing project PiTrainer with scheme PiTrainer
(2 failures)
