Command line invocation:
    /Applications/Xcode.app/Contents/Developer/usr/bin/xcodebuild test -scheme PiTrainer "-only-testing:PiTrainerTests/AssetIntegrityTests" -destination "platform=iOS Simulator,name=iPhone 17"

2026-01-16 19:35:29.790 xcodebuild[61687:9824706] [MT] IDERunDestination: Supported platforms for the buildables in the current scheme is empty.
ComputePackagePrebuildTargetDependencyGraph

Prepare packages

CreateBuildRequest

SendProjectDescription

CreateBuildOperation

ComputeTargetDependencyGraph
note: Building targets in dependency order
note: Target dependency graph (3 targets)
    Target 'PiTrainerUITests' in project 'PiTrainer'
        ➜ Explicit dependency on target 'PiTrainer' in project 'PiTrainer'
    Target 'PiTrainerTests' in project 'PiTrainer'
        ➜ Explicit dependency on target 'PiTrainer' in project 'PiTrainer'
    Target 'PiTrainer' in project 'PiTrainer' (no dependencies)

GatherProvisioningInputs

CreateBuildDescription

ExecuteExternalTool /Applications/Xcode.app/Contents/Developer/Toolchains/XcodeDefault.xctoolchain/usr/bin/clang -v -E -dM -isysroot /Applications/Xcode.app/Contents/Developer/Platforms/iPhoneSimulator.platform/Developer/SDKs/iPhoneSimulator26.2.sdk -x c -c /dev/null

ExecuteExternalTool /Applications/Xcode.app/Contents/Developer/Toolchains/XcodeDefault.xctoolchain/usr/bin/swiftc --version

ExecuteExternalTool /Applications/Xcode.app/Contents/Developer/usr/bin/actool --print-asset-tag-combinations --output-format xml1 /Users/alexandre/Dev/antigravity/pi-trainer/PiTrainer/PiTrainer/Assets.xcassets

ExecuteExternalTool /Applications/Xcode.app/Contents/Developer/usr/bin/actool --version --output-format xml1

ExecuteExternalTool /Applications/Xcode.app/Contents/Developer/usr/bin/xcstringstool compile --dry-run --output-directory /Users/alexandre/Library/Developer/Xcode/DerivedData/PiTrainer-ecifwwubwvnofgbcfujopwcftnfe/Build/Intermediates.noindex/PiTrainer.build/Debug-iphonesimulator/PiTrainer.build /Users/alexandre/Dev/antigravity/pi-trainer/PiTrainer/PiTrainer/Localizable.xcstrings

ExecuteExternalTool /Applications/Xcode.app/Contents/Developer/Toolchains/XcodeDefault.xctoolchain/usr/bin/ld -version_details

Build description signature: 5ff3b9b6f4918626c0f981106f5bd3e6
Build description path: /Users/alexandre/Library/Developer/Xcode/DerivedData/PiTrainer-ecifwwubwvnofgbcfujopwcftnfe/Build/Intermediates.noindex/XCBuildData/5ff3b9b6f4918626c0f981106f5bd3e6.xcbuilddata
ClangStatCache /Applications/Xcode.app/Contents/Developer/Toolchains/XcodeDefault.xctoolchain/usr/bin/clang-stat-cache /Applications/Xcode.app/Contents/Developer/Platforms/iPhoneSimulator.platform/Developer/SDKs/iPhoneSimulator26.2.sdk /Users/alexandre/Library/Developer/Xcode/DerivedData/SDKStatCaches.noindex/iphonesimulator26.2-23C53-7d00a8b37fbd7999ea79df8ebc024bf0.sdkstatcache
    cd /Users/alexandre/Dev/antigravity/pi-trainer/PiTrainer/PiTrainer.xcodeproj
    /Applications/Xcode.app/Contents/Developer/Toolchains/XcodeDefault.xctoolchain/usr/bin/clang-stat-cache /Applications/Xcode.app/Contents/Developer/Platforms/iPhoneSimulator.platform/Developer/SDKs/iPhoneSimulator26.2.sdk -o /Users/alexandre/Library/Developer/Xcode/DerivedData/SDKStatCaches.noindex/iphonesimulator26.2-23C53-7d00a8b37fbd7999ea79df8ebc024bf0.sdkstatcache

ProcessInfoPlistFile /Users/alexandre/Library/Developer/Xcode/DerivedData/PiTrainer-ecifwwubwvnofgbcfujopwcftnfe/Build/Products/Debug-iphonesimulator/PiTrainer.app/Info.plist /Users/alexandre/Library/Developer/Xcode/DerivedData/PiTrainer-ecifwwubwvnofgbcfujopwcftnfe/Build/Intermediates.noindex/PiTrainer.build/Debug-iphonesimulator/PiTrainer.build/empty-PiTrainer.plist (in target 'PiTrainer' from project 'PiTrainer')
    cd /Users/alexandre/Dev/antigravity/pi-trainer/PiTrainer
    builtin-infoPlistUtility /Users/alexandre/Library/Developer/Xcode/DerivedData/PiTrainer-ecifwwubwvnofgbcfujopwcftnfe/Build/Intermediates.noindex/PiTrainer.build/Debug-iphonesimulator/PiTrainer.build/empty-PiTrainer.plist -producttype com.apple.product-type.application -genpkginfo /Users/alexandre/Library/Developer/Xcode/DerivedData/PiTrainer-ecifwwubwvnofgbcfujopwcftnfe/Build/Products/Debug-iphonesimulator/PiTrainer.app/PkgInfo -expandbuildsettings -format binary -platform iphonesimulator -additionalcontentfile /Users/alexandre/Library/Developer/Xcode/DerivedData/PiTrainer-ecifwwubwvnofgbcfujopwcftnfe/Build/Intermediates.noindex/PiTrainer.build/Debug-iphonesimulator/PiTrainer.build/assetcatalog_generated_info.plist -o /Users/alexandre/Library/Developer/Xcode/DerivedData/PiTrainer-ecifwwubwvnofgbcfujopwcftnfe/Build/Products/Debug-iphonesimulator/PiTrainer.app/Info.plist

SwiftDriver PiTrainerTests normal arm64 com.apple.xcode.tools.swift.compiler (in target 'PiTrainerTests' from project 'PiTrainer')
    cd /Users/alexandre/Dev/antigravity/pi-trainer/PiTrainer
    builtin-SwiftDriver -- /Applications/Xcode.app/Contents/Developer/Toolchains/XcodeDefault.xctoolchain/usr/bin/swiftc -module-name PiTrainerTests -Onone -enforce-exclusivity\=checked @/Users/alexandre/Library/Developer/Xcode/DerivedData/PiTrainer-ecifwwubwvnofgbcfujopwcftnfe/Build/Intermediates.noindex/PiTrainer.build/Debug-iphonesimulator/PiTrainerTests.build/Objects-normal/arm64/PiTrainerTests.SwiftFileList -DDEBUG -plugin-path /Applications/Xcode.app/Contents/Developer/Toolchains/XcodeDefault.xctoolchain/usr/lib/swift/host/plugins/testing -enable-bare-slash-regex -enable-upcoming-feature DisableOutwardActorInference -enable-upcoming-feature InferSendableFromCaptures -enable-upcoming-feature GlobalActorIsolatedTypesUsability -enable-upcoming-feature MemberImportVisibility -enable-upcoming-feature InferIsolatedConformances -enable-upcoming-feature NonisolatedNonsendingByDefault -enable-experimental-feature DebugDescriptionMacro -sdk /Applications/Xcode.app/Contents/Developer/Platforms/iPhoneSimulator.platform/Developer/SDKs/iPhoneSimulator26.2.sdk -target arm64-apple-ios18.0-simulator -g -module-cache-path /Users/alexandre/Library/Developer/Xcode/DerivedData/ModuleCache.noindex -Xfrontend -serialize-debugging-options -profile-coverage-mapping -profile-generate -enable-testing -index-store-path /Users/alexandre/Library/Developer/Xcode/DerivedData/PiTrainer-ecifwwubwvnofgbcfujopwcftnfe/Index.noindex/DataStore -Xcc -D_LIBCPP_HARDENING_MODE\=_LIBCPP_HARDENING_MODE_DEBUG -swift-version 5 -I /Users/alexandre/Library/Developer/Xcode/DerivedData/PiTrainer-ecifwwubwvnofgbcfujopwcftnfe/Build/Products/Debug-iphonesimulator -Isystem /Applications/Xcode.app/Contents/Developer/Platforms/iPhoneSimulator.platform/Developer/usr/lib -F /Users/alexandre/Library/Developer/Xcode/DerivedData/PiTrainer-ecifwwubwvnofgbcfujopwcftnfe/Build/Products/Debug-iphonesimulator -F /Applications/Xcode.app/Contents/Developer/Platforms/iPhoneSimulator.platform/Developer/Library/Frameworks -F /Applications/Xcode.app/Contents/Developer/Platforms/iPhoneSimulator.platform/Developer/SDKs/iPhoneSimulator26.2.sdk/Developer/Library/Frameworks -c -j10 -enable-batch-mode -incremental -Xcc -ivfsstatcache -Xcc /Users/alexandre/Library/Developer/Xcode/DerivedData/SDKStatCaches.noindex/iphonesimulator26.2-23C53-7d00a8b37fbd7999ea79df8ebc024bf0.sdkstatcache -output-file-map /Users/alexandre/Library/Developer/Xcode/DerivedData/PiTrainer-ecifwwubwvnofgbcfujopwcftnfe/Build/Intermediates.noindex/PiTrainer.build/Debug-iphonesimulator/PiTrainerTests.build/Objects-normal/arm64/PiTrainerTests-OutputFileMap.json -use-frontend-parseable-output -save-temps -no-color-diagnostics -explicit-module-build -module-cache-path /Users/alexandre/Library/Developer/Xcode/DerivedData/PiTrainer-ecifwwubwvnofgbcfujopwcftnfe/Build/Intermediates.noindex/SwiftExplicitPrecompiledModules -clang-scanner-module-cache-path /Users/alexandre/Library/Developer/Xcode/DerivedData/ModuleCache.noindex -sdk-module-cache-path /Users/alexandre/Library/Developer/Xcode/DerivedData/ModuleCache.noindex -serialize-diagnostics -emit-dependencies -emit-module -emit-module-path /Users/alexandre/Library/Developer/Xcode/DerivedData/PiTrainer-ecifwwubwvnofgbcfujopwcftnfe/Build/Intermediates.noindex/PiTrainer.build/Debug-iphonesimulator/PiTrainerTests.build/Objects-normal/arm64/PiTrainerTests.swiftmodule -validate-clang-modules-once -clang-build-session-file /Users/alexandre/Library/Developer/Xcode/DerivedData/ModuleCache.noindex/Session.modulevalidation -Xcc -I/Users/alexandre/Library/Developer/Xcode/DerivedData/PiTrainer-ecifwwubwvnofgbcfujopwcftnfe/Build/Intermediates.noindex/PiTrainer.build/Debug-iphonesimulator/PiTrainerTests.build/swift-overrides.hmap -emit-const-values -Xfrontend -const-gather-protocols-file -Xfrontend /Users/alexandre/Library/Developer/Xcode/DerivedData/PiTrainer-ecifwwubwvnofgbcfujopwcftnfe/Build/Intermediates.noindex/PiTrainer.build/Debug-iphonesimulator/PiTrainerTests.build/Objects-normal/arm64/PiTrainerTests_const_extract_protocols.json -Xcc -iquote -Xcc /Users/alexandre/Library/Developer/Xcode/DerivedData/PiTrainer-ecifwwubwvnofgbcfujopwcftnfe/Build/Intermediates.noindex/PiTrainer.build/Debug-iphonesimulator/PiTrainerTests.build/PiTrainerTests-generated-files.hmap -Xcc -I/Users/alexandre/Library/Developer/Xcode/DerivedData/PiTrainer-ecifwwubwvnofgbcfujopwcftnfe/Build/Intermediates.noindex/PiTrainer.build/Debug-iphonesimulator/PiTrainerTests.build/PiTrainerTests-own-target-headers.hmap -Xcc -I/Users/alexandre/Library/Developer/Xcode/DerivedData/PiTrainer-ecifwwubwvnofgbcfujopwcftnfe/Build/Intermediates.noindex/PiTrainer.build/Debug-iphonesimulator/PiTrainerTests.build/PiTrainerTests-all-target-headers.hmap -Xcc -iquote -Xcc /Users/alexandre/Library/Developer/Xcode/DerivedData/PiTrainer-ecifwwubwvnofgbcfujopwcftnfe/Build/Intermediates.noindex/PiTrainer.build/Debug-iphonesimulator/PiTrainerTests.build/PiTrainerTests-project-headers.hmap -Xcc -I/Users/alexandre/Library/Developer/Xcode/DerivedData/PiTrainer-ecifwwubwvnofgbcfujopwcftnfe/Build/Products/Debug-iphonesimulator/include -Xcc -I/Users/alexandre/Library/Developer/Xcode/DerivedData/PiTrainer-ecifwwubwvnofgbcfujopwcftnfe/Build/Intermediates.noindex/PiTrainer.build/Debug-iphonesimulator/PiTrainerTests.build/DerivedSources-normal/arm64 -Xcc -I/Users/alexandre/Library/Developer/Xcode/DerivedData/PiTrainer-ecifwwubwvnofgbcfujopwcftnfe/Build/Intermediates.noindex/PiTrainer.build/Debug-iphonesimulator/PiTrainerTests.build/DerivedSources/arm64 -Xcc -I/Users/alexandre/Library/Developer/Xcode/DerivedData/PiTrainer-ecifwwubwvnofgbcfujopwcftnfe/Build/Intermediates.noindex/PiTrainer.build/Debug-iphonesimulator/PiTrainerTests.build/DerivedSources -Xcc -DDEBUG\=1 -emit-objc-header -emit-objc-header-path /Users/alexandre/Library/Developer/Xcode/DerivedData/PiTrainer-ecifwwubwvnofgbcfujopwcftnfe/Build/Intermediates.noindex/PiTrainer.build/Debug-iphonesimulator/PiTrainerTests.build/Objects-normal/arm64/PiTrainerTests-Swift.h -working-directory /Users/alexandre/Dev/antigravity/pi-trainer/PiTrainer -experimental-emit-module-separately -disable-cmo

SwiftEmitModule normal arm64 Emitting\ module\ for\ PiTrainerTests (in target 'PiTrainerTests' from project 'PiTrainer')

EmitSwiftModule normal arm64 (in target 'PiTrainerTests' from project 'PiTrainer')
    cd /Users/alexandre/Dev/antigravity/pi-trainer/PiTrainer
    

SwiftCompile normal arm64 Compiling\ AssetIntegrityTests.swift /Users/alexandre/Dev/antigravity/pi-trainer/PiTrainer/PiTrainerTests/AssetIntegrityTests.swift (in target 'PiTrainerTests' from project 'PiTrainer')
Failed frontend command:
/Applications/Xcode.app/Contents/Developer/Toolchains/XcodeDefault.xctoolchain/usr/bin/swift-frontend -frontend -c -primary-file /Users/alexandre/Dev/antigravity/pi-trainer/PiTrainer/PiTrainerTests/AssetIntegrityTests.swift /Users/alexandre/Dev/antigravity/pi-trainer/PiTrainer/PiTrainerTests/FileDigitsProviderTests.swift /Users/alexandre/Dev/antigravity/pi-trainer/PiTrainer/PiTrainerTests/HapticServiceTests.swift /Users/alexandre/Dev/antigravity/pi-trainer/PiTrainer/PiTrainerTests/KeypadLayoutTests.swift /Users/alexandre/Dev/antigravity/pi-trainer/PiTrainer/PiTrainerTests/LearningSchedulerTests.swift /Users/alexandre/Dev/antigravity/pi-trainer/PiTrainer/PiTrainerTests/PiTrainerTests.swift /Users/alexandre/Dev/antigravity/pi-trainer/PiTrainer/PiTrainerTests/PositionTrackerTests.swift /Users/alexandre/Dev/antigravity/pi-trainer/PiTrainer/PiTrainerTests/PracticeEngineTests.swift /Users/alexandre/Dev/antigravity/pi-trainer/PiTrainer/PiTrainerTests/ProPadViewModelTests.swift /Users/alexandre/Dev/antigravity/pi-trainer/PiTrainer/PiTrainerTests/SessionHistoryTests.swift /Users/alexandre/Dev/antigravity/pi-trainer/PiTrainer/PiTrainerTests/SessionViewModelTests.swift /Users/alexandre/Dev/antigravity/pi-trainer/PiTrainer/PiTrainerTests/StatsPerConstantTests.swift /Users/alexandre/Dev/antigravity/pi-trainer/PiTrainer/PiTrainerTests/StreakFlowTests.swift /Users/alexandre/Dev/antigravity/pi-trainer/PiTrainer/PiTrainerTests/TerminalGridTests.swift -emit-dependencies-path /Users/alexandre/Library/Developer/Xcode/DerivedData/PiTrainer-ecifwwubwvnofgbcfujopwcftnfe/Build/Intermediates.noindex/PiTrainer.build/Debug-iphonesimulator/PiTrainerTests.build/Objects-normal/arm64/AssetIntegrityTests.d -emit-const-values-path /Users/alexandre/Library/Developer/Xcode/DerivedData/PiTrainer-ecifwwubwvnofgbcfujopwcftnfe/Build/Intermediates.noindex/PiTrainer.build/Debug-iphonesimulator/PiTrainerTests.build/Objects-normal/arm64/AssetIntegrityTests.swiftconstvalues -emit-reference-dependencies-path /Users/alexandre/Library/Developer/Xcode/DerivedData/PiTrainer-ecifwwubwvnofgbcfujopwcftnfe/Build/Intermediates.noindex/PiTrainer.build/Debug-iphonesimulator/PiTrainerTests.build/Objects-normal/arm64/AssetIntegrityTests.swiftdeps -serialize-diagnostics-path /Users/alexandre/Library/Developer/Xcode/DerivedData/PiTrainer-ecifwwubwvnofgbcfujopwcftnfe/Build/Intermediates.noindex/PiTrainer.build/Debug-iphonesimulator/PiTrainerTests.build/Objects-normal/arm64/AssetIntegrityTests.dia -target arm64-apple-ios18.0-simulator -load-resolved-plugin /Applications/Xcode.app/Contents/Developer/Platforms/iPhoneOS.platform/Developer/usr/lib/swift/host/plugins/libFoundationMacros.dylib\#/Applications/Xcode.app/Contents/Developer/Platforms/iPhoneOS.platform/Developer/usr/bin/swift-plugin-server\#FoundationMacros -load-resolved-plugin /Applications/Xcode.app/Contents/Developer/Platforms/iPhoneOS.platform/Developer/usr/lib/swift/host/plugins/libObservationMacros.dylib\#/Applications/Xcode.app/Contents/Developer/Platforms/iPhoneOS.platform/Developer/usr/bin/swift-plugin-server\#ObservationMacros -load-resolved-plugin /Applications/Xcode.app/Contents/Developer/Platforms/iPhoneOS.platform/Developer/usr/lib/swift/host/plugins/libPreviewsMacros.dylib\#/Applications/Xcode.app/Contents/Developer/Platforms/iPhoneOS.platform/Developer/usr/bin/swift-plugin-server\#PreviewsMacros -load-resolved-plugin /Applications/Xcode.app/Contents/Developer/Platforms/iPhoneOS.platform/Developer/usr/lib/swift/host/plugins/libSwiftMacros.dylib\#/Applications/Xcode.app/Contents/Developer/Platforms/iPhoneOS.platform/Developer/usr/bin/swift-plugin-server\#SwiftMacros -load-resolved-plugin /Applications/Xcode.app/Contents/Developer/Platforms/iPhoneOS.platform/Developer/usr/lib/swift/host/plugins/libSwiftUIMacros.dylib\#/Applications/Xcode.app/Contents/Developer/Platforms/iPhoneOS.platform/Developer/usr/bin/swift-plugin-server\#SwiftUIMacros -disable-implicit-swift-modules -Xcc -fno-implicit-modules -Xcc -fno-implicit-module-maps -explicit-swift-module-map-file /Users/alexandre/Library/Developer/Xcode/DerivedData/PiTrainer-ecifwwubwvnofgbcfujopwcftnfe/Build/Intermediates.noindex/PiTrainer.build/Debug-iphonesimulator/PiTrainerTests.build/Objects-normal/arm64/PiTrainerTests-dependencies-1.json -Xllvm -aarch64-use-tbi -enable-objc-interop -sdk /Applications/Xcode.app/Contents/Developer/Platforms/iPhoneSimulator.platform/Developer/SDKs/iPhoneSimulator26.2.sdk -I /Users/alexandre/Library/Developer/Xcode/DerivedData/PiTrainer-ecifwwubwvnofgbcfujopwcftnfe/Build/Products/Debug-iphonesimulator -Isystem /Applications/Xcode.app/Contents/Developer/Platforms/iPhoneSimulator.platform/Developer/usr/lib -F /Users/alexandre/Library/Developer/Xcode/DerivedData/PiTrainer-ecifwwubwvnofgbcfujopwcftnfe/Build/Products/Debug-iphonesimulator -F /Applications/Xcode.app/Contents/Developer/Platforms/iPhoneSimulator.platform/Developer/Library/Frameworks -F /Applications/Xcode.app/Contents/Developer/Platforms/iPhoneSimulator.platform/Developer/SDKs/iPhoneSimulator26.2.sdk/Developer/Library/Frameworks -no-color-diagnostics -Xcc -fno-color-diagnostics -enable-testing -g -debug-info-format\=dwarf -dwarf-version\=5 -module-cache-path /Users/alexandre/Library/Developer/Xcode/DerivedData/PiTrainer-ecifwwubwvnofgbcfujopwcftnfe/Build/Intermediates.noindex/SwiftExplicitPrecompiledModules -profile-generate -profile-coverage-mapping -swift-version 5 -enforce-exclusivity\=checked -Onone -D DEBUG -serialize-debugging-options -const-gather-protocols-file /Users/alexandre/Library/Developer/Xcode/DerivedData/PiTrainer-ecifwwubwvnofgbcfujopwcftnfe/Build/Intermediates.noindex/PiTrainer.build/Debug-iphonesimulator/PiTrainerTests.build/Objects-normal/arm64/PiTrainerTests_const_extract_protocols.json -enable-upcoming-feature DisableOutwardActorInference -enable-upcoming-feature InferSendableFromCaptures -enable-upcoming-feature GlobalActorIsolatedTypesUsability -enable-upcoming-feature MemberImportVisibility -enable-upcoming-feature InferIsolatedConformances -enable-upcoming-feature NonisolatedNonsendingByDefault -enable-experimental-feature DebugDescriptionMacro -enable-bare-slash-regex -empty-abi-descriptor -validate-clang-modules-once -clang-build-session-file /Users/alexandre/Library/Developer/Xcode/DerivedData/ModuleCache.noindex/Session.modulevalidation -Xcc -working-directory -Xcc /Users/alexandre/Dev/antigravity/pi-trainer/PiTrainer -enable-anonymous-context-mangled-names -file-compilation-dir /Users/alexandre/Dev/antigravity/pi-trainer/PiTrainer -Xcc -D_LIBCPP_HARDENING_MODE\=_LIBCPP_HARDENING_MODE_DEBUG -Xcc -ivfsstatcache -Xcc /Users/alexandre/Library/Developer/Xcode/DerivedData/SDKStatCaches.noindex/iphonesimulator26.2-23C53-7d00a8b37fbd7999ea79df8ebc024bf0.sdkstatcache -Xcc -I/Users/alexandre/Library/Developer/Xcode/DerivedData/PiTrainer-ecifwwubwvnofgbcfujopwcftnfe/Build/Intermediates.noindex/PiTrainer.build/Debug-iphonesimulator/PiTrainerTests.build/swift-overrides.hmap -Xcc -iquote -Xcc /Users/alexandre/Library/Developer/Xcode/DerivedData/PiTrainer-ecifwwubwvnofgbcfujopwcftnfe/Build/Intermediates.noindex/PiTrainer.build/Debug-iphonesimulator/PiTrainerTests.build/PiTrainerTests-generated-files.hmap -Xcc -I/Users/alexandre/Library/Developer/Xcode/DerivedData/PiTrainer-ecifwwubwvnofgbcfujopwcftnfe/Build/Intermediates.noindex/PiTrainer.build/Debug-iphonesimulator/PiTrainerTests.build/PiTrainerTests-own-target-headers.hmap -Xcc -I/Users/alexandre/Library/Developer/Xcode/DerivedData/PiTrainer-ecifwwubwvnofgbcfujopwcftnfe/Build/Intermediates.noindex/PiTrainer.build/Debug-iphonesimulator/PiTrainerTests.build/PiTrainerTests-all-target-headers.hmap -Xcc -iquote -Xcc /Users/alexandre/Library/Developer/Xcode/DerivedData/PiTrainer-ecifwwubwvnofgbcfujopwcftnfe/Build/Intermediates.noindex/PiTrainer.build/Debug-iphonesimulator/PiTrainerTests.build/PiTrainerTests-project-headers.hmap -Xcc -I/Users/alexandre/Library/Developer/Xcode/DerivedData/PiTrainer-ecifwwubwvnofgbcfujopwcftnfe/Build/Products/Debug-iphonesimulator/include -Xcc -I/Users/alexandre/Library/Developer/Xcode/DerivedData/PiTrainer-ecifwwubwvnofgbcfujopwcftnfe/Build/Intermediates.noindex/PiTrainer.build/Debug-iphonesimulator/PiTrainerTests.build/DerivedSources-normal/arm64 -Xcc -I/Users/alexandre/Library/Developer/Xcode/DerivedData/PiTrainer-ecifwwubwvnofgbcfujopwcftnfe/Build/Intermediates.noindex/PiTrainer.build/Debug-iphonesimulator/PiTrainerTests.build/DerivedSources/arm64 -Xcc -I/Users/alexandre/Library/Developer/Xcode/DerivedData/PiTrainer-ecifwwubwvnofgbcfujopwcftnfe/Build/Intermediates.noindex/PiTrainer.build/Debug-iphonesimulator/PiTrainerTests.build/DerivedSources -Xcc -DDEBUG\=1 -no-auto-bridging-header-chaining -module-name PiTrainerTests -frontend-parseable-output -disable-clang-spi -target-sdk-version 26.2 -target-sdk-name iphonesimulator26.2 -clang-target arm64-apple-ios26.2-simulator -in-process-plugin-server-path /Applications/Xcode.app/Contents/Developer/Toolchains/XcodeDefault.xctoolchain/usr/lib/swift/host/libSwiftInProcPluginServer.dylib -o /Users/alexandre/Library/Developer/Xcode/DerivedData/PiTrainer-ecifwwubwvnofgbcfujopwcftnfe/Build/Intermediates.noindex/PiTrainer.build/Debug-iphonesimulator/PiTrainerTests.build/Objects-normal/arm64/AssetIntegrityTests.o -index-unit-output-path /PiTrainer.build/Debug-iphonesimulator/PiTrainerTests.build/Objects-normal/arm64/AssetIntegrityTests.o -index-store-path /Users/alexandre/Library/Developer/Xcode/DerivedData/PiTrainer-ecifwwubwvnofgbcfujopwcftnfe/Index.noindex/DataStore -index-system-modules

SwiftCompile normal arm64 /Users/alexandre/Dev/antigravity/pi-trainer/PiTrainer/PiTrainerTests/AssetIntegrityTests.swift (in target 'PiTrainerTests' from project 'PiTrainer')
    cd /Users/alexandre/Dev/antigravity/pi-trainer/PiTrainer
    
/Users/alexandre/Dev/antigravity/pi-trainer/PiTrainer/PiTrainerTests/AssetIntegrityTests.swift:23:96: error: cannot find 'appBundle' in scope
                XCTFail("❌ FAILED to load \(constant.resourceName): \(error). Bundle Path: \(appBundle.bundlePath).")


Test session results, code coverage, and logs:
	/Users/alexandre/Library/Developer/Xcode/DerivedData/PiTrainer-ecifwwubwvnofgbcfujopwcftnfe/Logs/Test/Test-PiTrainer-2026.01.16_19-35-29-+0100.xcresult

Testing failed:
	Cannot find 'appBundle' in scope
	Testing cancelled because the build failed.

** TEST FAILED **


The following build commands failed:
	SwiftCompile normal arm64 Compiling\ AssetIntegrityTests.swift /Users/alexandre/Dev/antigravity/pi-trainer/PiTrainer/PiTrainerTests/AssetIntegrityTests.swift (in target 'PiTrainerTests' from project 'PiTrainer')
	SwiftCompile normal arm64 /Users/alexandre/Dev/antigravity/pi-trainer/PiTrainer/PiTrainerTests/AssetIntegrityTests.swift (in target 'PiTrainerTests' from project 'PiTrainer')
	Testing project PiTrainer with scheme PiTrainer
(3 failures)
